1763401840206	geckodriver	INFO	Listening on 127.0.0.1:53543
1763401840230	mozrunner::runner	INFO	Running command: MOZ_CRASHREPORTER="1" MOZ_CRASHREPORTER_NO_REPORT="1" MOZ_CRASHREPORTER_SHUTDOWN="1" "/usr/bin/firefox" "--m ... ow" "--remote-debugging-port" "35727" "--remote-allow-hosts" "localhost" "-no-remote" "-profile" "/tmp/rust_mozprofileMk4vUw"
console.warn: services.settings: Ignoring preference override of remote settings server
console.warn: services.settings: Allow by setting MOZ_REMOTE_SETTINGS_DEVTOOLS=1 in the environment
1763401840790	Marionette	INFO	Marionette enabled
[Parent 80721, Main Thread] WARNING: gdk_wayland_window_set_dbus_properties_libgtk_only: assertion 'GDK_IS_WAYLAND_WINDOW (window)' failed: 'glib warning', file /builds/worker/checkouts/gecko/toolkit/xre/nsSigHandlers.cpp:201

(firefox:80721): Gdk-CRITICAL **: 19:50:40.848: gdk_wayland_window_set_dbus_properties_libgtk_only: assertion 'GDK_IS_WAYLAND_WINDOW (window)' failed
1763401840881	Marionette	INFO	Listening on port 37983
WebDriver BiDi listening on ws://127.0.0.1:35727
Read port: 37983
1763401840979	RemoteAgent	WARN	TLS certificate errors will be ignored for this session
[Parent 80721, Main Thread] WARNING: gdk_wayland_window_set_dbus_properties_libgtk_only: assertion 'GDK_IS_WAYLAND_WINDOW (window)' failed: 'glib warning', file /builds/worker/checkouts/gecko/toolkit/xre/nsSigHandlers.cpp:201

(firefox:80721): Gdk-CRITICAL **: 19:50:41.072: gdk_wayland_window_set_dbus_properties_libgtk_only: assertion 'GDK_IS_WAYLAND_WINDOW (window)' failed
[Parent 80721, Main Thread] WARNING: gdk_wayland_window_set_dbus_properties_libgtk_only: assertion 'GDK_IS_WAYLAND_WINDOW (window)' failed: 'glib warning', file /builds/worker/checkouts/gecko/toolkit/xre/nsSigHandlers.cpp:201

(firefox:80721): Gdk-CRITICAL **: 19:50:41.072: gdk_wayland_window_set_dbus_properties_libgtk_only: assertion 'GDK_IS_WAYLAND_WINDOW (window)' failed
console.warn: LoginRecipes: "Falling back to a synchronous message for: http://localhost:5001."
console.warn: LoginRecipes: "Falling back to a synchronous message for: http://localhost:5001."
console.warn: LoginRecipes: "Falling back to a synchronous message for: http://localhost:5001."
1763401855764	Marionette	INFO	Stopped listening on port 37983
console.error: "Failed to fetch https://spocs.getpocket.com/user:" "NetworkError when attempting to fetch resource."
console.error: (new TypeError("NetworkError when attempting to fetch resource.", ""))
console.error: (new Error("OHTTP was configured for https://ads.mozilla.org/v1/delete_user but we couldn't fetch a valid config", "moz-src:///browser/modules/ContextId.sys.mjs", 234))
console.warn: TopSitesFeed: Failed to fetch data from MARS server: NetworkError when attempting to fetch resource.
JavaScript error: resource://gre/modules/ObliviousHTTP.sys.mjs, line 117: NS_ERROR_XPC_CANT_CONVERT_PRIMITIVE_TO_ARRAY: Cannot convert primitive JavaScript value into an array arg 2 [nsIObliviousHttpService.newChannel]
