1763403531121	geckodriver	INFO	Listening on 127.0.0.1:48267
1763403531146	mozrunner::runner	INFO	Running command: MOZ_CRASHREPORTER="1" MOZ_CRASHREPORTER_NO_REPORT="1" MOZ_CRASHREPORTER_SHUTDOWN="1" "/usr/bin/firefox" "--m ... ow" "--remote-debugging-port" "52087" "--remote-allow-hosts" "localhost" "-no-remote" "-profile" "/tmp/rust_mozprofile9nmjrw"
console.warn: services.settings: Ignoring preference override of remote settings server
console.warn: services.settings: Allow by setting MOZ_REMOTE_SETTINGS_DEVTOOLS=1 in the environment
1763403531770	Marionette	INFO	Marionette enabled
[Parent 91162, Main Thread] WARNING: gdk_wayland_window_set_dbus_properties_libgtk_only: assertion 'GDK_IS_WAYLAND_WINDOW (window)' failed: 'glib warning', file /builds/worker/checkouts/gecko/toolkit/xre/nsSigHandlers.cpp:201

(firefox:91162): Gdk-CRITICAL **: 20:18:51.817: gdk_wayland_window_set_dbus_properties_libgtk_only: assertion 'GDK_IS_WAYLAND_WINDOW (window)' failed
1763403531847	Marionette	INFO	Listening on port 42897
WebDriver BiDi listening on ws://127.0.0.1:52087
Read port: 42897
1763403531986	RemoteAgent	WARN	TLS certificate errors will be ignored for this session
[Parent 91162, Main Thread] WARNING: gdk_wayland_window_set_dbus_properties_libgtk_only: assertion 'GDK_IS_WAYLAND_WINDOW (window)' failed: 'glib warning', file /builds/worker/checkouts/gecko/toolkit/xre/nsSigHandlers.cpp:201

(firefox:91162): Gdk-CRITICAL **: 20:18:52.043: gdk_wayland_window_set_dbus_properties_libgtk_only: assertion 'GDK_IS_WAYLAND_WINDOW (window)' failed
[Parent 91162, Main Thread] WARNING: gdk_wayland_window_set_dbus_properties_libgtk_only: assertion 'GDK_IS_WAYLAND_WINDOW (window)' failed: 'glib warning', file /builds/worker/checkouts/gecko/toolkit/xre/nsSigHandlers.cpp:201

(firefox:91162): Gdk-CRITICAL **: 20:18:52.044: gdk_wayland_window_set_dbus_properties_libgtk_only: assertion 'GDK_IS_WAYLAND_WINDOW (window)' failed
console.warn: LoginRecipes: "Falling back to a synchronous message for: http://localhost:5001."
console.warn: LoginRecipes: "Falling back to a synchronous message for: http://localhost:5001."
console.warn: LoginRecipes: "Falling back to a synchronous message for: http://localhost:5001."
console.warn: LoginRecipes: "Falling back to a synchronous message for: http://localhost:5001."
1763403567136	Marionette	INFO	Stopped listening on port 42897
console.error: "Failed to fetch https://spocs.getpocket.com/user:" "NetworkError when attempting to fetch resource."
console.error: (new TypeError("NetworkError when attempting to fetch resource.", ""))
console.error: (new Error("OHTTP was configured for https://ads.mozilla.org/v1/delete_user but we couldn't fetch a valid config", "moz-src:///browser/modules/ContextId.sys.mjs", 234))
console.warn: TopSitesFeed: Failed to fetch data from MARS server: NetworkError when attempting to fetch resource.
JavaScript error: resource://gre/modules/ObliviousHTTP.sys.mjs, line 117: NS_ERROR_XPC_CANT_CONVERT_PRIMITIVE_TO_ARRAY: Cannot convert primitive JavaScript value into an array arg 2 [nsIObliviousHttpService.newChannel]
1763403567269	geckodriver::marionette	ERROR	Failed to close browser connection: unknown error
[ERROR glean_core::database] Failed to record metric 'usage.profile_id' into usage-deletion-request: Error { kind: Rkv(IoError(Os { code: 2, kind: NotFound, message: "Tiedostoa tai hakemistoa ei ole" })) }
[ERROR glean_core::database] Failed to record metric 'usage.profile_id' into usage-reporting: Error { kind: Rkv(IoError(Os { code: 2, kind: NotFound, message: "Tiedostoa tai hakemistoa ei ole" })) }
[ERROR glean_core::database] Failed to record metric 'usage.profile_group_id' into usage-deletion-request: Error { kind: Rkv(IoError(Os { code: 2, kind: NotFound, message: "Tiedostoa tai hakemistoa ei ole" })) }
[ERROR glean_core::database] Failed to record metric 'usage.profile_group_id' into usage-reporting: Error { kind: Rkv(IoError(Os { code: 2, kind: NotFound, message: "Tiedostoa tai hakemistoa ei ole" })) }
[ERROR glean_core::database] Failed to record metric 'dirtybit' into glean_internal_info: Error { kind: Rkv(IoError(Os { code: 2, kind: NotFound, message: "Tiedostoa tai hakemistoa ei ole" })) }
[ERROR glean_core] Can't persist ping lifetime data: Error { kind: Rkv(IoError(Os { code: 2, kind: NotFound, message: "Tiedostoa tai hakemistoa ei ole" })) }
