1763403103509	geckodriver	INFO	Listening on 127.0.0.1:49637
1763403103532	mozrunner::runner	INFO	Running command: MOZ_CRASHREPORTER="1" MOZ_CRASHREPORTER_NO_REPORT="1" MOZ_CRASHREPORTER_SHUTDOWN="1" "/usr/bin/firefox" "--m ... ow" "--remote-debugging-port" "47799" "--remote-allow-hosts" "localhost" "-no-remote" "-profile" "/tmp/rust_mozprofileqX2m0q"
console.warn: services.settings: Ignoring preference override of remote settings server
console.warn: services.settings: Allow by setting MOZ_REMOTE_SETTINGS_DEVTOOLS=1 in the environment
1763403104113	Marionette	INFO	Marionette enabled
[Parent 88298, Main Thread] WARNING: gdk_wayland_window_set_dbus_properties_libgtk_only: assertion 'GDK_IS_WAYLAND_WINDOW (window)' failed: 'glib warning', file /builds/worker/checkouts/gecko/toolkit/xre/nsSigHandlers.cpp:201

(firefox:88298): Gdk-CRITICAL **: 20:11:44.160: gdk_wayland_window_set_dbus_properties_libgtk_only: assertion 'GDK_IS_WAYLAND_WINDOW (window)' failed
1763403104191	Marionette	INFO	Listening on port 38793
WebDriver BiDi listening on ws://127.0.0.1:47799
Read port: 38793
1763403104287	RemoteAgent	WARN	TLS certificate errors will be ignored for this session
[Parent 88298, Main Thread] WARNING: gdk_wayland_window_set_dbus_properties_libgtk_only: assertion 'GDK_IS_WAYLAND_WINDOW (window)' failed: 'glib warning', file /builds/worker/checkouts/gecko/toolkit/xre/nsSigHandlers.cpp:201

(firefox:88298): Gdk-CRITICAL **: 20:11:44.388: gdk_wayland_window_set_dbus_properties_libgtk_only: assertion 'GDK_IS_WAYLAND_WINDOW (window)' failed
[Parent 88298, Main Thread] WARNING: gdk_wayland_window_set_dbus_properties_libgtk_only: assertion 'GDK_IS_WAYLAND_WINDOW (window)' failed: 'glib warning', file /builds/worker/checkouts/gecko/toolkit/xre/nsSigHandlers.cpp:201

(firefox:88298): Gdk-CRITICAL **: 20:11:44.389: gdk_wayland_window_set_dbus_properties_libgtk_only: assertion 'GDK_IS_WAYLAND_WINDOW (window)' failed
[Parent 88298, Main Thread] WARNING: gdk_wayland_window_set_dbus_properties_libgtk_only: assertion 'GDK_IS_WAYLAND_WINDOW (window)' failed: 'glib warning', file /builds/worker/checkouts/gecko/toolkit/xre/nsSigHandlers.cpp:201

(firefox:88298): Gdk-CRITICAL **: 20:11:51.406: gdk_wayland_window_set_dbus_properties_libgtk_only: assertion 'GDK_IS_WAYLAND_WINDOW (window)' failed
1763403112297	Marionette	INFO	Stopped listening on port 38793
console.error: "Failed to fetch https://spocs.getpocket.com/user:" "NetworkError when attempting to fetch resource."
console.error: (new TypeError("NetworkError when attempting to fetch resource.", ""))
console.error: (new Error("OHTTP was configured for https://ads.mozilla.org/v1/delete_user but we couldn't fetch a valid config", "moz-src:///browser/modules/ContextId.sys.mjs", 234))
console.warn: TopSitesFeed: Failed to fetch data from MARS server: NetworkError when attempting to fetch resource.
JavaScript error: resource://gre/modules/ObliviousHTTP.sys.mjs, line 117: NS_ERROR_XPC_CANT_CONVERT_PRIMITIVE_TO_ARRAY: Cannot convert primitive JavaScript value into an array arg 2 [nsIObliviousHttpService.newChannel]
1763403112372	geckodriver::marionette	ERROR	Failed to close browser connection: unknown error
[ERROR glean_core::database] Failed to record metric 'usage.profile_id' into usage-deletion-request: Error { kind: Rkv(IoError(Os { code: 2, kind: NotFound, message: "Tiedostoa tai hakemistoa ei ole" })) }
[ERROR glean_core::database] Failed to record metric 'usage.profile_id' into usage-reporting: Error { kind: Rkv(IoError(Os { code: 2, kind: NotFound, message: "Tiedostoa tai hakemistoa ei ole" })) }
[ERROR glean_core::database] Failed to record metric 'usage.profile_group_id' into usage-deletion-request: Error { kind: Rkv(IoError(Os { code: 2, kind: NotFound, message: "Tiedostoa tai hakemistoa ei ole" })) }
[ERROR glean_core::database] Failed to record metric 'usage.profile_group_id' into usage-reporting: Error { kind: Rkv(IoError(Os { code: 2, kind: NotFound, message: "Tiedostoa tai hakemistoa ei ole" })) }
[ERROR glean_core::database] Failed to record metric 'dirtybit' into glean_internal_info: Error { kind: Rkv(IoError(Os { code: 2, kind: NotFound, message: "Tiedostoa tai hakemistoa ei ole" })) }
[ERROR glean_core] Can't persist ping lifetime data: Error { kind: Rkv(IoError(Os { code: 2, kind: NotFound, message: "Tiedostoa tai hakemistoa ei ole" })) }
